2018-12-11 04:09:36.9153 DEBUG Setting the display and display size...
2018-12-11 04:09:37.0300 DEBUG Starting the Program...
2018-12-11 04:10:21.6970 ERROR System.IndexOutOfRangeException: Index was outside the bounds of the array.
   at Support_Ticket_System.SupportTicketSystem.UpdateUser() in C:\Users\Joshua Rauch\source\repos\.Net-Database-Programming\Support Ticket System\SupportTicketSystem.cs:line 991
   at Support_Ticket_System.SupportTicketSystem.Menu() in C:\Users\Joshua Rauch\source\repos\.Net-Database-Programming\Support Ticket System\SupportTicketSystem.cs:line 108
   at Support_Ticket_System.SupportTicketSystem.Start() in C:\Users\Joshua Rauch\source\repos\.Net-Database-Programming\Support Ticket System\SupportTicketSystem.cs:line 44
   at Support_Ticket_System.Program.Main() in C:\Users\Joshua Rauch\source\repos\.Net-Database-Programming\Support Ticket System\Program.cs:line 26
2018-12-11 04:11:10.2337 DEBUG Setting the display and display size...
2018-12-11 04:11:10.2836 DEBUG Starting the Program...
2018-12-11 04:11:44.4021 DEBUG Setting the display and display size...
2018-12-11 04:11:44.4859 DEBUG Starting the Program...
2018-12-11 04:15:50.6122 DEBUG Setting the display and display size...
2018-12-11 04:15:50.6481 DEBUG Starting the Program...
2018-12-11 04:18:17.5655 DEBUG Setting the display and display size...
2018-12-11 04:18:17.6054 DEBUG Starting the Program...
2018-12-11 04:18:49.0147 DEBUG Setting the display and display size...
2018-12-11 04:18:49.0596 DEBUG Starting the Program...
2018-12-11 04:34:20.3198 DEBUG Setting the display and display size...
2018-12-11 04:34:20.3927 DEBUG Starting the Program...
2018-12-11 04:34:50.0818 DEBUG Setting the display and display size...
2018-12-11 04:34:50.1317 DEBUG Starting the Program...
2018-12-11 04:39:50.6667 DEBUG Setting the display and display size...
2018-12-11 04:39:50.7325 DEBUG Starting the Program...
2018-12-11 04:40:32.2490 DEBUG Opening connection to database to print all users...
2018-12-11 04:40:39.5319 DEBUG Opening connection to database to print all users...
2018-12-11 04:43:54.8668 DEBUG Setting the display and display size...
2018-12-11 04:43:54.9706 DEBUG Starting the Program...
2018-12-11 04:44:03.7426 ERROR System.NullReferenceException: Object reference not set to an instance of an object.
   at Support_Ticket_System.SupportTicketSystem.UpdateUser() in C:\Users\Joshua Rauch\source\repos\.Net-Database-Programming\Support Ticket System\SupportTicketSystem.cs:line 989
   at Support_Ticket_System.SupportTicketSystem.Menu() in C:\Users\Joshua Rauch\source\repos\.Net-Database-Programming\Support Ticket System\SupportTicketSystem.cs:line 108
   at Support_Ticket_System.SupportTicketSystem.Start() in C:\Users\Joshua Rauch\source\repos\.Net-Database-Programming\Support Ticket System\SupportTicketSystem.cs:line 44
   at Support_Ticket_System.Program.Main() in C:\Users\Joshua Rauch\source\repos\.Net-Database-Programming\Support Ticket System\Program.cs:line 26
2018-12-11 04:48:11.0159 DEBUG Setting the display and display size...
2018-12-11 04:48:11.0568 DEBUG Starting the Program...
2018-12-11 04:48:46.8153 DEBUG Opening connection to database to print all users...
2018-12-11 04:48:55.0484 DEBUG Opening connection to database to print all users...
2018-12-11 04:50:13.5688 DEBUG Setting the display and display size...
2018-12-11 04:50:13.5988 DEBUG Starting the Program...
2018-12-11 04:50:47.3569 DEBUG Opening connection to database to print all users...
2018-12-11 04:51:40.0888 DEBUG Setting the display and display size...
2018-12-11 04:51:40.1396 DEBUG Starting the Program...
2018-12-11 04:51:53.4034 ERROR System.NullReferenceException: Object reference not set to an instance of an object.
   at Support_Ticket_System.SupportTicketSystem.UpdateUser() in C:\Users\Joshua Rauch\source\repos\.Net-Database-Programming\Support Ticket System\SupportTicketSystem.cs:line 989
   at Support_Ticket_System.SupportTicketSystem.Menu() in C:\Users\Joshua Rauch\source\repos\.Net-Database-Programming\Support Ticket System\SupportTicketSystem.cs:line 108
   at Support_Ticket_System.SupportTicketSystem.Start() in C:\Users\Joshua Rauch\source\repos\.Net-Database-Programming\Support Ticket System\SupportTicketSystem.cs:line 44
   at Support_Ticket_System.Program.Main() in C:\Users\Joshua Rauch\source\repos\.Net-Database-Programming\Support Ticket System\Program.cs:line 26
2018-12-11 04:51:57.7738 DEBUG Setting the display and display size...
2018-12-11 04:51:57.8556 DEBUG Starting the Program...
2018-12-11 04:54:39.3378 DEBUG Opening connection to database to print all users...
2018-12-11 04:54:58.5602 DEBUG Opening connection to database to print all users...
2018-12-11 04:56:28.7523 DEBUG Setting the display and display size...
2018-12-11 04:56:28.8620 DEBUG Starting the Program...
2018-12-11 04:56:37.3104 DEBUG Opening connection to database to print all users...
2018-12-11 04:56:54.2671 ERROR System.NullReferenceException: Object reference not set to an instance of an object.
   at Support_Ticket_System.SupportTicketSystem.UpdateUser() in C:\Users\Joshua Rauch\source\repos\.Net-Database-Programming\Support Ticket System\SupportTicketSystem.cs:line 989
   at Support_Ticket_System.SupportTicketSystem.Menu() in C:\Users\Joshua Rauch\source\repos\.Net-Database-Programming\Support Ticket System\SupportTicketSystem.cs:line 108
   at Support_Ticket_System.SupportTicketSystem.Start() in C:\Users\Joshua Rauch\source\repos\.Net-Database-Programming\Support Ticket System\SupportTicketSystem.cs:line 44
   at Support_Ticket_System.Program.Main() in C:\Users\Joshua Rauch\source\repos\.Net-Database-Programming\Support Ticket System\Program.cs:line 26
2018-12-11 04:59:17.9117 DEBUG Setting the display and display size...
2018-12-11 04:59:18.0264 DEBUG Starting the Program...
2018-12-11 22:37:30.6986 DEBUG Setting the display and display size...
2018-12-11 22:37:30.7475 DEBUG Starting the Program...
2018-12-11 22:37:35.7249 DEBUG Opening connection to database to print all users...
2018-12-11 22:37:48.9167 DEBUG Opening connection to database to retrieve and update ticket...
2018-12-11 22:38:14.9602 DEBUG Opening connection to database to print all users...
2018-12-11 22:41:45.8158 DEBUG Setting the display and display size...
2018-12-11 22:41:45.8776 DEBUG Starting the Program...
2018-12-11 22:41:59.9223 DEBUG Opening connection to database to print all users...
2018-12-11 22:42:17.5955 DEBUG Opening connection to database to retrieve and update ticket...
2018-12-11 22:42:26.5977 DEBUG Opening connection to database to print all users...
2018-12-11 22:43:16.8130 DEBUG Opening connection to database to print all tickets...
2018-12-11 22:43:17.2716 DEBUG Execute query to retrieve all tickets...
2018-12-11 22:43:38.0182 DEBUG Opening connection to database to retrieve and update ticket...
2018-12-11 22:43:40.4057 ERROR System.InvalidOperationException: The object cannot be deleted because it was not found in the ObjectStateManager.
   at System.Data.Entity.Core.Objects.ObjectContext.DeleteObject(Object entity, EntitySet expectedEntitySet)
   at System.Data.Entity.Core.Objects.ObjectContext.DeleteObject(Object entity)
   at System.Data.Entity.Internal.Linq.InternalSet`1.RemoveRange(IEnumerable entities)
   at System.Data.Entity.DbSet`1.RemoveRange(IEnumerable`1 entities)
   at Support_Ticket_System.SupportTicketSystem.DeleteTicket() in C:\Users\Joshua Rauch\source\repos\.Net-Database-Programming\Support Ticket System\SupportTicketSystem.cs:line 503
2018-12-11 22:54:29.7726 DEBUG Setting the display and display size...
2018-12-11 22:54:29.8054 DEBUG Starting the Program...
2018-12-11 22:54:36.4897 ERROR System.IndexOutOfRangeException: Index was outside the bounds of the array.
   at Support_Ticket_System.SupportTicketSystem.UpdateUser() in C:\Users\Joshua Rauch\source\repos\.Net-Database-Programming\Support Ticket System\SupportTicketSystem.cs:line 1013
   at Support_Ticket_System.SupportTicketSystem.Menu() in C:\Users\Joshua Rauch\source\repos\.Net-Database-Programming\Support Ticket System\SupportTicketSystem.cs:line 107
   at Support_Ticket_System.SupportTicketSystem.Start() in C:\Users\Joshua Rauch\source\repos\.Net-Database-Programming\Support Ticket System\SupportTicketSystem.cs:line 43
   at Support_Ticket_System.Program.Main() in C:\Users\Joshua Rauch\source\repos\.Net-Database-Programming\Support Ticket System\Program.cs:line 26
2018-12-11 22:54:39.8197 DEBUG Setting the display and display size...
2018-12-11 22:54:39.8566 DEBUG Starting the Program...
2018-12-11 22:55:07.3420 DEBUG Opening connection to database to print all users...
2018-12-11 22:55:12.6020 DEBUG Opening connection to database to retrieve and update ticket...
2018-12-11 22:55:18.4005 DEBUG Opening connection to database to print all users...
2018-12-11 22:55:48.2261 DEBUG Opening connection to database to print all tickets...
2018-12-11 22:55:48.7187 DEBUG Execute query to retrieve all tickets...
2018-12-11 22:56:08.0403 DEBUG Opening connection to database to retrieve and update ticket...
2018-12-11 22:56:12.9113 ERROR System.InvalidOperationException: The object cannot be deleted because it was not found in the ObjectStateManager.
   at System.Data.Entity.Core.Objects.ObjectContext.DeleteObject(Object entity, EntitySet expectedEntitySet)
   at System.Data.Entity.Core.Objects.ObjectContext.DeleteObject(Object entity)
   at System.Data.Entity.Internal.Linq.InternalSet`1.RemoveRange(IEnumerable entities)
   at System.Data.Entity.DbSet`1.RemoveRange(IEnumerable`1 entities)
   at Support_Ticket_System.SupportTicketSystem.DeleteTicket() in C:\Users\Joshua Rauch\source\repos\.Net-Database-Programming\Support Ticket System\SupportTicketSystem.cs:line 503
2018-12-11 22:57:35.0654 DEBUG Setting the display and display size...
2018-12-11 22:57:35.1302 DEBUG Starting the Program...
2018-12-11 22:57:40.5591 DEBUG Opening connection to database to print all users...
2018-12-11 23:14:06.5674 DEBUG Setting the display and display size...
2018-12-11 23:14:06.5997 DEBUG Starting the Program...
2018-12-11 23:15:12.6891 DEBUG Opening connection to database to print all tickets...
2018-12-11 23:15:14.9201 DEBUG Execute query to retrieve all tickets...
2018-12-11 23:26:27.2184 DEBUG Setting the display and display size...
2018-12-11 23:26:27.2612 DEBUG Starting the Program...
2018-12-11 23:26:33.5039 DEBUG Opening connection to database to search users...
2018-12-11 23:26:34.2649 DEBUG Executing user search query "1"...
2018-12-11 23:29:01.8084 DEBUG Setting the display and display size...
2018-12-11 23:29:01.8772 DEBUG Starting the Program...
2018-12-11 23:29:04.9148 DEBUG Opening connection to database to print all users...
2018-12-11 23:31:15.7697 DEBUG Setting the display and display size...
2018-12-11 23:31:15.8332 DEBUG Starting the Program...
2018-12-11 23:31:19.4009 DEBUG Opening connection to database to print all users...
2018-12-11 23:31:48.9588 DEBUG Opening connection to database to print all users...
2018-12-11 23:31:54.7139 DEBUG Opening database connection for new ticket...
2018-12-11 23:32:20.9487 DEBUG Setting the display and display size...
2018-12-11 23:32:20.9926 DEBUG Starting the Program...
2018-12-11 23:32:23.1309 DEBUG Opening connection to database to print all tickets...
2018-12-11 23:32:25.1103 DEBUG Execute query to retrieve all tickets...
2018-12-11 23:32:27.3214 DEBUG Opening database connection for new ticket...
2018-12-11 23:35:44.2334 DEBUG Setting the display and display size...
2018-12-11 23:35:44.2793 DEBUG Starting the Program...
2018-12-11 23:35:47.2172 DEBUG Opening database connection for new ticket...
2018-12-11 23:37:28.2909 DEBUG Setting the display and display size...
2018-12-11 23:37:28.3547 DEBUG Starting the Program...
2018-12-11 23:37:32.5617 DEBUG Opening database connection for new ticket...
2018-12-11 23:39:03.4510 DEBUG Setting the display and display size...
2018-12-11 23:39:03.5119 DEBUG Starting the Program...
2018-12-11 23:39:08.6915 DEBUG Opening connection to database to print all tickets...
2018-12-11 23:39:11.0883 DEBUG Execute query to retrieve all tickets...
2018-12-11 23:39:12.8387 DEBUG Opening database connection for new ticket...
2018-12-11 23:41:10.3118 DEBUG Setting the display and display size...
2018-12-11 23:41:10.3537 DEBUG Starting the Program...
2018-12-11 23:41:15.1567 DEBUG Opening database connection for new ticket...
2018-12-11 23:41:45.4669 DEBUG Adding Ticket to database...
2018-12-11 23:41:45.5725 DEBUG Saving changes to database...
2018-12-11 23:41:52.1828 DEBUG Opening connection to database to print all tickets...
2018-12-11 23:41:52.6220 DEBUG Execute query to retrieve all tickets...
2018-12-11 23:42:00.5698 DEBUG Opening database connection for new ticket...
2018-12-11 23:42:22.1295 DEBUG Adding Ticket to database...
2018-12-11 23:42:22.1424 DEBUG Saving changes to database...
2018-12-11 23:42:28.8150 DEBUG Opening connection to database to retrieve and update ticket...
2018-12-11 23:42:32.2922 ERROR System.InvalidOperationException: The object cannot be deleted because it was not found in the ObjectStateManager.
   at System.Data.Entity.Core.Objects.ObjectContext.DeleteObject(Object entity, EntitySet expectedEntitySet)
   at System.Data.Entity.Core.Objects.ObjectContext.DeleteObject(Object entity)
   at System.Data.Entity.Internal.Linq.InternalSet`1.RemoveRange(IEnumerable entities)
   at System.Data.Entity.DbSet`1.RemoveRange(IEnumerable`1 entities)
   at Support_Ticket_System.SupportTicketSystem.DeleteTicket() in C:\Users\Joshua Rauch\source\repos\.Net-Database-Programming\Support Ticket System\SupportTicketSystem.cs:line 532
2018-12-11 23:42:45.6291 DEBUG Opening connection to database to print all tickets...
2018-12-11 23:42:45.6879 DEBUG Execute query to retrieve all tickets...
2018-12-11 23:47:35.5823 DEBUG Setting the display and display size...
2018-12-11 23:47:35.6265 DEBUG Starting the Program...
2018-12-11 23:47:43.4075 DEBUG Opening connection to database to retrieve and update ticket...
2018-12-11 23:47:53.9683 DEBUG Opening connection to database to print all tickets...
2018-12-11 23:47:54.0710 DEBUG Execute query to retrieve all tickets...
2018-12-11 23:48:15.4692 DEBUG Opening connection to database to search...
2018-12-11 23:48:15.4871 DEBUG Executing search query...
2018-12-11 23:48:29.5790 DEBUG Opening connection to database to search users...
2018-12-11 23:48:29.5919 DEBUG Executing user search query "res"...
2018-12-11 23:49:00.3877 DEBUG Opening connection to database to print all tickets...
2018-12-11 23:49:00.4606 DEBUG Execute query to retrieve all tickets...
2018-12-11 23:49:11.1164 DEBUG Opening connection to database to print all users...
2018-12-11 23:49:24.0950 DEBUG Opening connection to database to search...
2018-12-11 23:49:24.1063 DEBUG Executing search query...
2018-12-11 23:49:37.9990 DEBUG Opening connection to database to search users...
2018-12-11 23:49:38.0110 DEBUG Executing user search query "res"...
2018-12-11 23:50:07.8626 DEBUG Opening database connection for new ticket...
2018-12-11 23:51:19.3482 DEBUG Adding Ticket to database...
2018-12-11 23:51:19.3882 DEBUG Saving changes to database...
