2018-12-12 01:17:33.7708 DEBUG Setting the display and display size...
2018-12-12 01:17:33.8616 DEBUG Starting the Program...
2018-12-12 01:17:41.9527 DEBUG Opening connection to database to print all tickets...
2018-12-12 01:17:43.6246 DEBUG Execute query to retrieve all tickets...
2018-12-12 01:18:50.8288 DEBUG Opening connection to database to print all tickets...
2018-12-12 01:18:50.8864 DEBUG Execute query to retrieve all tickets...
2018-12-12 01:24:12.3595 DEBUG Opening database connection for new ticket...
2018-12-12 01:25:03.0443 DEBUG Adding Ticket to database...
2018-12-12 01:25:03.0842 DEBUG Saving changes to database...
2018-12-12 02:29:53.9447 DEBUG Setting the display and display size...
2018-12-12 02:29:54.0235 DEBUG Starting the Program...
2018-12-12 02:29:58.8760 DEBUG Opening connection to database to print all tickets...
2018-12-12 02:30:01.0020 DEBUG Execute query to retrieve all tickets...
2018-12-12 02:30:25.7252 DEBUG Opening connection to database to print all tickets...
2018-12-12 02:30:25.7614 DEBUG Execute query to retrieve all tickets...
2018-12-12 02:48:08.3337 DEBUG Opening connection to database to retrieve and update ticket...
2018-12-12 02:48:30.8404 DEBUG Saving changes to ticket...
2018-12-12 02:48:31.3438 INFO Ticket updated successfully.
2018-12-12 02:51:23.7397 DEBUG Setting the display and display size...
2018-12-12 02:51:23.7936 DEBUG Starting the Program...
2018-12-12 02:51:31.3286 DEBUG Opening connection to database to retrieve and update ticket...
2018-12-12 02:57:48.8174 DEBUG Setting the display and display size...
2018-12-12 02:57:48.8852 DEBUG Starting the Program...
2018-12-12 02:57:52.6431 DEBUG Opening connection to database to retrieve and update ticket...
2018-12-12 02:58:10.5990 DEBUG Saving changes to ticket...
2018-12-12 02:58:10.9751 INFO Ticket updated successfully.
2018-12-12 02:58:15.4323 DEBUG Opening connection to database to print all tickets...
2018-12-12 02:58:15.4942 DEBUG Execute query to retrieve all tickets...
2018-12-12 06:50:59.5124 DEBUG Setting the display and display size...
2018-12-12 06:50:59.5772 DEBUG Starting the Program...
2018-12-12 06:51:47.6892 DEBUG Setting the display and display size...
2018-12-12 06:51:47.7721 DEBUG Starting the Program...
2018-12-12 06:52:59.7570 DEBUG Setting the display and display size...
2018-12-12 06:52:59.8358 DEBUG Starting the Program...
2018-12-12 06:54:55.4835 DEBUG Setting the display and display size...
2018-12-12 06:54:55.5623 DEBUG Starting the Program...
2018-12-12 06:55:38.8663 DEBUG Setting the display and display size...
2018-12-12 06:55:38.9211 DEBUG Starting the Program...
2018-12-12 06:55:57.8631 DEBUG Opening connection to database to print all tickets...
2018-12-12 06:55:58.5613 DEBUG Execute query to retrieve all tickets...
2018-12-12 06:56:02.4444 DEBUG Opening connection to database to print all users...
