2018-11-10 14:10:36.2328 DEBUG Setting the display and display size...
2018-11-10 14:10:36.2868 DEBUG Instantiating TicketStore...
2018-11-10 14:10:36.3040 DEBUG Adding DbTicketStore to the TicketStore...
2018-11-10 14:19:37.4459 DEBUG Setting the display and display size...
2018-11-10 14:19:37.4918 DEBUG Instantiating TicketStore...
2018-11-10 14:19:37.5031 DEBUG Adding DbTicketStore to the TicketStore...
2018-11-10 14:20:23.5939 DEBUG Setting the display and display size...
2018-11-10 14:20:23.6361 DEBUG Instantiating TicketStore...
2018-11-10 14:20:23.6568 DEBUG Adding DbTicketStore to the TicketStore...
2018-11-10 14:27:01.1093 DEBUG Setting the display and display size...
2018-11-10 14:27:01.1476 DEBUG Instantiating TicketStore...
2018-11-10 14:27:01.1776 DEBUG Adding DbTicketStore to the TicketStore...
2018-11-10 14:28:10.8124 DEBUG Setting the display and display size...
2018-11-10 14:28:10.8563 DEBUG Instantiating TicketStore...
2018-11-10 14:28:10.8752 DEBUG Adding DbTicketStore to the TicketStore...
2018-11-10 14:31:02.6730 DEBUG Setting the display and display size...
2018-11-10 14:31:02.7169 DEBUG Instantiating TicketStore...
2018-11-10 14:31:02.7299 DEBUG Adding DbTicketStore to the TicketStore...
2018-11-10 14:35:32.8528 DEBUG Setting the display and display size...
2018-11-10 14:35:32.8937 DEBUG Instantiating TicketStore...
2018-11-10 14:35:32.9039 DEBUG Adding DbTicketStore to the TicketStore...
2018-11-10 14:37:03.0030 ERROR System.IndexOutOfRangeException: Index was outside the bounds of the array.
   at Support_Ticket_System.SupportTicketSystem.GetCorrectInput(String summary, Priority priority, String submitterString, String assignedString, String watchingString, Severity severity) in C:\Users\Joshua Rauch\source\repos\.Net-Database-Programming\Support Ticket System\Support Ticket System\SupportTicketSystem.cs:line 419
   at Support_Ticket_System.SupportTicketSystem.NewBugTicket() in C:\Users\Joshua Rauch\source\repos\.Net-Database-Programming\Support Ticket System\Support Ticket System\SupportTicketSystem.cs:line 174
   at Support_Ticket_System.SupportTicketSystem.NewTicket() in C:\Users\Joshua Rauch\source\repos\.Net-Database-Programming\Support Ticket System\Support Ticket System\SupportTicketSystem.cs:line 131
   at Support_Ticket_System.SupportTicketSystem.Menu() in C:\Users\Joshua Rauch\source\repos\.Net-Database-Programming\Support Ticket System\Support Ticket System\SupportTicketSystem.cs:line 94
   at Support_Ticket_System.SupportTicketSystem.Start() in C:\Users\Joshua Rauch\source\repos\.Net-Database-Programming\Support Ticket System\Support Ticket System\SupportTicketSystem.cs:line 70
   at Support_Ticket_System.Program.Main() in C:\Users\Joshua Rauch\source\repos\.Net-Database-Programming\Support Ticket System\Support Ticket System\Program.cs:line 24
2018-11-10 14:40:40.2122 DEBUG Setting the display and display size...
2018-11-10 14:40:40.2681 DEBUG Instantiating TicketStore...
2018-11-10 14:40:40.2805 DEBUG Adding DbTicketStore to the TicketStore...
2018-11-10 14:43:45.2393 DEBUG Setting the display and display size...
2018-11-10 14:43:45.2716 DEBUG Instantiating TicketStore...
2018-11-10 14:43:45.2825 DEBUG Adding DbTicketStore to the TicketStore...
2018-11-10 14:57:19.8622 DEBUG Setting the display and display size...
2018-11-10 14:57:19.8921 DEBUG Instantiating TicketStore...
2018-11-10 14:57:19.9051 DEBUG Adding DbTicketStore to the TicketStore...
2018-11-10 15:12:52.4291 DEBUG Setting the display and display size...
2018-11-10 15:12:52.4640 DEBUG Instantiating TicketStore...
2018-11-10 15:12:52.4790 DEBUG Adding DbTicketStore to the TicketStore...
2018-11-10 15:13:37.5120 DEBUG Setting the display and display size...
2018-11-10 15:13:37.5768 DEBUG Instantiating TicketStore...
2018-11-10 15:13:37.5958 DEBUG Adding DbTicketStore to the TicketStore...
2018-11-10 16:31:37.6804 DEBUG Setting the display and display size...
2018-11-10 16:31:37.7093 DEBUG Instantiating TicketStore...
2018-11-10 16:31:37.7173 DEBUG Adding DbTicketStore to the TicketStore...
2018-11-10 16:33:51.7499 DEBUG Setting the display and display size...
2018-11-10 16:33:51.7782 DEBUG Instantiating TicketStore...
2018-11-10 16:33:51.7782 DEBUG Adding DbTicketStore to the TicketStore...
2018-11-10 16:44:50.6908 DEBUG Setting the display and display size...
2018-11-10 16:44:50.7367 DEBUG Instantiating TicketStore...
2018-11-10 16:44:50.7467 DEBUG Adding DbTicketStore to the TicketStore...
2018-11-10 16:47:08.1476 ERROR System.InvalidCastException: Unable to cast object of type 'Support_Ticket_System.Stores.DB_Stores.DbTicketStore' to type 'Support_Ticket_System.Interfaces.ITicketable'.
   at Support_Ticket_System.Stores.TicketStores.AddTicket(Ticket ticket) in C:\Users\Joshua Rauch\source\repos\.Net-Database-Programming\Support Ticket System\Support Ticket System\Stores\TicketStores.cs:line 72
   at Support_Ticket_System.SupportTicketSystem.GetCorrectInput(String summary, Priority priority, String submitterString, String assignedString, String watchingString, Severity severity) in C:\Users\Joshua Rauch\source\repos\.Net-Database-Programming\Support Ticket System\Support Ticket System\SupportTicketSystem.cs:line 512
   at Support_Ticket_System.SupportTicketSystem.NewBugTicket() in C:\Users\Joshua Rauch\source\repos\.Net-Database-Programming\Support Ticket System\Support Ticket System\SupportTicketSystem.cs:line 174
   at Support_Ticket_System.SupportTicketSystem.NewTicket() in C:\Users\Joshua Rauch\source\repos\.Net-Database-Programming\Support Ticket System\Support Ticket System\SupportTicketSystem.cs:line 131
   at Support_Ticket_System.SupportTicketSystem.Menu() in C:\Users\Joshua Rauch\source\repos\.Net-Database-Programming\Support Ticket System\Support Ticket System\SupportTicketSystem.cs:line 94
   at Support_Ticket_System.SupportTicketSystem.Start() in C:\Users\Joshua Rauch\source\repos\.Net-Database-Programming\Support Ticket System\Support Ticket System\SupportTicketSystem.cs:line 70
   at Support_Ticket_System.Program.Main() in C:\Users\Joshua Rauch\source\repos\.Net-Database-Programming\Support Ticket System\Support Ticket System\Program.cs:line 24
2018-11-10 17:06:43.5272 DEBUG Setting the display and display size...
2018-11-10 17:06:43.5761 DEBUG Instantiating TicketStore...
2018-11-10 17:06:43.5871 DEBUG Adding DbTicketStore to the TicketStore...
2018-11-10 17:08:39.2002 DEBUG Setting the display and display size...
2018-11-10 17:08:39.2431 DEBUG instantiating ticket store...
2018-11-10 17:09:28.3485 FATAL System.Data.SqlClient.SqlException (0x80131904): Incorrect syntax near ')'.
   at System.Data.SqlClient.SqlConnection.OnError(SqlException exception, Boolean breakConnection, Action`1 wrapCloseInAction)
   at System.Data.SqlClient.SqlInternalConnection.OnError(SqlException exception, Boolean breakConnection, Action`1 wrapCloseInAction)
   at System.Data.SqlClient.TdsParser.ThrowExceptionAndWarning(TdsParserStateObject stateObj, Boolean callerHasConnectionLock, Boolean asyncClose)
   at System.Data.SqlClient.TdsParser.TryRun(RunBehavior runBehavior, SqlCommand cmdHandler, SqlDataReader dataStream, BulkCopySimpleResultSet bulkCopyHandler, TdsParserStateObject stateObj, Boolean& dataReady)
   at System.Data.SqlClient.SqlCommand.FinishExecuteReader(SqlDataReader ds, RunBehavior runBehavior, String resetOptionsString, Boolean isInternal, Boolean forDescribeParameterEncryption, Boolean shouldCacheForAlwaysEncrypted)
   at System.Data.SqlClient.SqlCommand.RunExecuteReaderTds(CommandBehavior cmdBehavior, RunBehavior runBehavior, Boolean returnStream, Boolean async, Int32 timeout, Task& task, Boolean asyncWrite, Boolean inRetry, SqlDataReader ds, Boolean describeParameterEncryptionRequest)
   at System.Data.SqlClient.SqlCommand.RunExecuteReader(CommandBehavior cmdBehavior, RunBehavior runBehavior, Boolean returnStream, String method, TaskCompletionSource`1 completion, Int32 timeout, Task& task, Boolean& usedCache, Boolean asyncWrite, Boolean inRetry)
   at System.Data.SqlClient.SqlCommand.InternalExecuteNonQuery(TaskCompletionSource`1 completion, String methodName, Boolean sendToPipe, Int32 timeout, Boolean& usedCache, Boolean asyncWrite, Boolean inRetry)
   at System.Data.SqlClient.SqlCommand.ExecuteNonQuery()
   at Support_Ticket_System.Stores.DB_Stores.DbTicketStore.AddTicket(Ticket ticket) in C:\Users\Joshua Rauch\source\repos\.Net-Database-Programming\Support Ticket System\Support Ticket System\Stores\DbTicketStore.cs:line 338
ClientConnectionId:b9d75b2d-5323-4eaf-8c81-bd5be3bd5fbe
Error Number:102,State:1,Class:15
