2018-12-04 12:44:31.9011 DEBUG Setting the display and display size...
2018-12-04 12:44:31.9579 DEBUG Starting the Program...
2018-12-04 12:44:35.7256 DEBUG Opening connection to database to print all tickets...
2018-12-04 12:44:37.3743 DEBUG Execute query to retrieve all tickets...
2018-12-04 12:44:46.0984 DEBUG Opening connection to database to search...
2018-12-04 12:44:46.1092 DEBUG Executing search query...
2018-12-04 22:04:36.0932 DEBUG Setting the display and display size...
2018-12-04 22:04:36.1391 DEBUG Starting the Program...
2018-12-04 22:04:39.8694 DEBUG Opening database connection for new ticket...
2018-12-04 22:05:49.1263 DEBUG Setting the display and display size...
2018-12-04 22:05:49.1971 DEBUG Starting the Program...
2018-12-04 22:06:00.7331 DEBUG Opening database connection for new ticket...
2018-12-04 22:09:34.3470 DEBUG Setting the display and display size...
2018-12-04 22:09:34.3850 DEBUG Starting the Program...
2018-12-04 22:09:37.0437 DEBUG Opening database connection for new ticket...
2018-12-04 22:13:16.4577 DEBUG Setting the display and display size...
2018-12-04 22:13:16.5155 DEBUG Starting the Program...
2018-12-04 22:21:34.5324 DEBUG Setting the display and display size...
2018-12-04 22:21:34.6010 DEBUG Starting the Program...
2018-12-04 22:21:50.0368 DEBUG Opening database connection for new ticket...
2018-12-04 22:23:52.8367 DEBUG Setting the display and display size...
2018-12-04 22:23:52.8931 DEBUG Starting the Program...
2018-12-04 22:23:54.3699 DEBUG Opening database connection for new ticket...
2018-12-04 22:24:19.7189 DEBUG Setting the display and display size...
2018-12-04 22:24:19.7951 DEBUG Starting the Program...
2018-12-04 22:24:28.8841 DEBUG Opening database connection for new ticket...
2018-12-04 22:24:41.4480 DEBUG Setting the display and display size...
2018-12-04 22:24:41.4956 DEBUG Starting the Program...
2018-12-04 22:24:51.3377 DEBUG Opening database connection for new ticket...
2018-12-04 22:30:51.9855 DEBUG Setting the display and display size...
2018-12-04 22:30:52.0394 DEBUG Starting the Program...
2018-12-04 22:31:26.5563 DEBUG Setting the display and display size...
2018-12-04 22:31:26.6158 DEBUG Starting the Program...
2018-12-04 22:31:33.0537 DEBUG Opening database connection for new ticket...
2018-12-04 22:35:13.6116 DEBUG Setting the display and display size...
2018-12-04 22:35:13.6597 DEBUG Starting the Program...
2018-12-04 22:35:17.0686 DEBUG Opening database connection for new ticket...
2018-12-04 22:39:27.9364 DEBUG Setting the display and display size...
2018-12-04 22:39:27.9774 DEBUG Starting the Program...
2018-12-04 22:39:33.1721 DEBUG Opening database connection for new ticket...
2018-12-04 22:40:43.5348 DEBUG Setting the display and display size...
2018-12-04 22:40:43.5720 DEBUG Starting the Program...
2018-12-04 22:40:50.1374 DEBUG Opening database connection for new ticket...
2018-12-04 22:42:33.8661 DEBUG Setting the display and display size...
2018-12-04 22:42:33.9280 DEBUG Starting the Program...
2018-12-04 22:42:36.6054 DEBUG Opening database connection for new ticket...
2018-12-04 23:09:09.0757 DEBUG Setting the display and display size...
2018-12-04 23:09:09.1300 DEBUG Starting the Program...
2018-12-04 23:09:12.2731 DEBUG Opening database connection for new ticket...
2018-12-04 23:14:37.3630 DEBUG Setting the display and display size...
2018-12-04 23:14:37.4160 DEBUG Starting the Program...
2018-12-04 23:14:39.5273 DEBUG Opening database connection for new ticket...
2018-12-04 23:20:29.6264 DEBUG Setting the display and display size...
2018-12-04 23:20:29.6922 DEBUG Starting the Program...
2018-12-04 23:20:31.5782 DEBUG Opening database connection for new ticket...
