2018-10-16 03:04:22.0192 DEBUG Setting the display and display size...
2018-10-16 03:04:22.0562 DEBUG Instantiating TicketStore...
2018-10-16 03:04:22.0672 DEBUG Getting TicketFactory instance...
2018-10-16 03:04:22.0672 DEBUG Adding CsvSupportTicketStore to the TicketStore...
2018-10-16 03:04:22.0842 DEBUG Adding CsvEnhancementTicketStore to the TicketStore...
2018-10-16 03:04:22.0932 DEBUG Adding CsvTaskTicketStore to the TicketStore...
2018-10-16 03:04:22.1222 DEBUG Get ticket Types from ticket stores...
2018-10-16 03:05:24.8662 DEBUG Get ticket Types from ticket stores...
2018-10-16 03:19:41.6464 DEBUG Setting the display and display size...
2018-10-16 03:19:41.6894 DEBUG Instantiating TicketStore...
2018-10-16 03:19:41.6894 DEBUG Getting TicketFactory instance...
2018-10-16 03:19:41.7034 DEBUG Adding CsvSupportTicketStore to the TicketStore...
2018-10-16 03:19:41.7034 DEBUG Adding CsvEnhancementTicketStore to the TicketStore...
2018-10-16 03:19:41.7194 DEBUG Adding CsvTaskTicketStore to the TicketStore...
2018-10-16 03:19:41.7384 DEBUG Get ticket Types from ticket stores...
2018-10-16 05:06:38.5483 DEBUG Setting the display and display size...
2018-10-16 05:06:38.5813 DEBUG Instantiating TicketStore...
2018-10-16 05:06:38.5933 DEBUG Getting TicketFactory instance...
2018-10-16 05:06:38.6073 DEBUG Adding CsvBugTicketStore to the TicketStore...
2018-10-16 05:06:38.6073 DEBUG Adding CsvEnhancementTicketStore to the TicketStore...
2018-10-16 05:06:38.6243 DEBUG Adding CsvTaskTicketStore to the TicketStore...
2018-10-16 05:06:38.6373 DEBUG Get ticket Types from ticket stores...
2018-10-16 05:06:38.6583 ERROR System.ArgumentOutOfRangeException: Specified argument was out of the range of valid values.
Parameter name: startIndex
   at System.String.Insert(Int32 startIndex, String value)
   at Support_Ticket_System.SupportTicketSystem.Menu() in C:\Users\Joshua Rauch\source\repos\.Net-Database-Programming\Support Ticket System\Support Ticket System\SupportTicketSystem.cs:line 89
   at Support_Ticket_System.SupportTicketSystem.Start() in C:\Users\Joshua Rauch\source\repos\.Net-Database-Programming\Support Ticket System\Support Ticket System\SupportTicketSystem.cs:line 67
   at Support_Ticket_System.Program.Main() in C:\Users\Joshua Rauch\source\repos\.Net-Database-Programming\Support Ticket System\Support Ticket System\Program.cs:line 24
2018-10-16 05:17:40.7553 DEBUG Setting the display and display size...
2018-10-16 05:17:40.7793 DEBUG Instantiating TicketStore...
2018-10-16 05:17:40.7793 DEBUG Getting TicketFactory instance...
2018-10-16 05:17:40.7913 DEBUG Adding CsvBugTicketStore to the TicketStore...
2018-10-16 05:17:40.7913 DEBUG Adding CsvEnhancementTicketStore to the TicketStore...
2018-10-16 05:17:40.7913 DEBUG Adding CsvTaskTicketStore to the TicketStore...
2018-10-16 05:17:40.8203 DEBUG Get ticket Types from ticket stores...
2018-10-16 05:18:17.8850 DEBUG Setting the display and display size...
2018-10-16 05:18:17.9100 DEBUG Instantiating TicketStore...
2018-10-16 05:18:17.9190 DEBUG Getting TicketFactory instance...
2018-10-16 05:18:17.9190 DEBUG Adding CsvBugTicketStore to the TicketStore...
2018-10-16 05:18:17.9190 DEBUG Adding CsvEnhancementTicketStore to the TicketStore...
2018-10-16 05:18:17.9360 DEBUG Adding CsvTaskTicketStore to the TicketStore...
2018-10-16 05:18:17.9500 DEBUG Get ticket Types from ticket stores...
2018-10-16 18:23:54.7096 DEBUG Setting the display and display size...
2018-10-16 18:23:54.7426 DEBUG Instantiating TicketStore...
2018-10-16 18:23:54.7526 DEBUG Adding DbTicketStore to the TicketStore...
2018-10-16 18:26:15.5470 DEBUG Setting the display and display size...
2018-10-16 18:26:15.5730 DEBUG Instantiating TicketStore...
2018-10-16 18:26:15.5730 DEBUG Adding DbTicketStore to the TicketStore...
