2018-12-09 18:04:54.6998 DEBUG Setting the display and display size...
2018-12-09 18:04:54.7317 DEBUG Starting the Program...
2018-12-09 18:04:58.2632 DEBUG Opening database connection for new ticket...
2018-12-09 18:05:25.4136 DEBUG Opening connection to database to add new user...
2018-12-09 18:05:45.5385 ERROR System.InvalidOperationException: The operation cannot be completed because the DbContext has been disposed.
   at System.Data.Entity.Internal.LazyInternalContext.InitializeContext()
   at System.Data.Entity.Internal.Linq.DbQueryProvider.Execute[TResult](Expression expression)
   at System.Linq.Queryable.Count[TSource](IQueryable`1 source)
   at Support_Ticket_System.SupportTicketSystem.TryGetUserByName(TicketDBContext db, String fName, String lName, User& user) in C:\Users\Joshua Rauch\source\repos\.Net-Database-Programming\Support Ticket System\SupportTicketSystem.cs:line 829
   at Support_Ticket_System.SupportTicketSystem.GetUserFromInput(String subHeader, String userRole, TicketDBContext db, User user) in C:\Users\Joshua Rauch\source\repos\.Net-Database-Programming\Support Ticket System\SupportTicketSystem.cs:line 577
   at Support_Ticket_System.SupportTicketSystem.AddTicket() in C:\Users\Joshua Rauch\source\repos\.Net-Database-Programming\Support Ticket System\SupportTicketSystem.cs:line 211
2018-12-09 18:10:17.3257 DEBUG Setting the display and display size...
2018-12-09 18:10:17.3546 DEBUG Starting the Program...
2018-12-09 18:10:20.0087 DEBUG Opening database connection for new ticket...
2018-12-09 18:10:44.7599 DEBUG Opening connection to database to add new user...
2018-12-09 18:11:08.8239 DEBUG Adding Ticket to database...
2018-12-09 18:11:22.1190 DEBUG Saving changes to database...
2018-12-09 18:11:44.3189 DEBUG Setting the display and display size...
2018-12-09 18:11:44.3429 DEBUG Starting the Program...
2018-12-09 18:12:02.3079 DEBUG Opening connection to database to add new user...
2018-12-09 18:12:31.2857 DEBUG Opening connection to database to add new user...
