2018-11-09 13:17:10.8544 DEBUG Setting the display and display size...
2018-11-09 13:17:10.9651 DEBUG Instantiating TicketStore...
2018-11-09 13:17:11.0010 DEBUG Adding DbTicketStore to the TicketStore...
2018-11-09 13:17:51.8531 DEBUG Setting the display and display size...
2018-11-09 13:17:51.9110 DEBUG Instantiating TicketStore...
2018-11-09 13:17:51.9220 DEBUG Adding DbTicketStore to the TicketStore...
2018-11-09 13:17:54.9281 ERROR System.NotImplementedException: The method or operation is not implemented.
   at Support_Ticket_System.SupportTicketSystem.SearchAllTickets() in C:\Users\Joshua Rauch\source\repos\.Net-Database-Programming\Support Ticket System\Support Ticket System\SupportTicketSystem.cs:line 147
   at Support_Ticket_System.SupportTicketSystem.Menu() in C:\Users\Joshua Rauch\source\repos\.Net-Database-Programming\Support Ticket System\Support Ticket System\SupportTicketSystem.cs:line 103
   at Support_Ticket_System.SupportTicketSystem.Start() in C:\Users\Joshua Rauch\source\repos\.Net-Database-Programming\Support Ticket System\Support Ticket System\SupportTicketSystem.cs:line 70
   at Support_Ticket_System.Program.Main() in C:\Users\Joshua Rauch\source\repos\.Net-Database-Programming\Support Ticket System\Support Ticket System\Program.cs:line 24
2018-11-09 13:35:52.4328 DEBUG Setting the display and display size...
2018-11-09 13:35:52.5026 DEBUG Instantiating TicketStore...
2018-11-09 13:35:52.5146 DEBUG Adding DbTicketStore to the TicketStore...
2018-11-09 13:35:57.7812 ERROR System.IndexOutOfRangeException: TicketType
   at System.Data.ProviderBase.FieldNameLookup.GetOrdinal(String fieldName)
   at System.Data.SqlClient.SqlDataReader.GetOrdinal(String name)
   at System.Data.SqlClient.SqlDataReader.get_Item(String name)
   at Support_Ticket_System.Stores.DB_Stores.DbTicketStore.GetTickets(String commandText) in C:\Users\Joshua Rauch\source\repos\.Net-Database-Programming\Support Ticket System\Support Ticket System\Stores\DB Stores\DbTicketStore.cs:line 50
   at Support_Ticket_System.Stores.DB_Stores.DbTicketStore.GetAllTickets() in C:\Users\Joshua Rauch\source\repos\.Net-Database-Programming\Support Ticket System\Support Ticket System\Stores\DB Stores\DbTicketStore.cs:line 142
   at Support_Ticket_System.Stores.TicketStores.GetAllTickets() in C:\Users\Joshua Rauch\source\repos\.Net-Database-Programming\Support Ticket System\Support Ticket System\Stores\TicketStores.cs:line 19
   at Support_Ticket_System.SupportTicketSystem.PrintAllTickets() in C:\Users\Joshua Rauch\source\repos\.Net-Database-Programming\Support Ticket System\Support Ticket System\SupportTicketSystem.cs:line 280
   at Support_Ticket_System.SupportTicketSystem.Menu() in C:\Users\Joshua Rauch\source\repos\.Net-Database-Programming\Support Ticket System\Support Ticket System\SupportTicketSystem.cs:line 100
   at Support_Ticket_System.SupportTicketSystem.Start() in C:\Users\Joshua Rauch\source\repos\.Net-Database-Programming\Support Ticket System\Support Ticket System\SupportTicketSystem.cs:line 70
   at Support_Ticket_System.Program.Main() in C:\Users\Joshua Rauch\source\repos\.Net-Database-Programming\Support Ticket System\Support Ticket System\Program.cs:line 24
2018-11-09 13:48:32.6276 DEBUG Setting the display and display size...
2018-11-09 13:48:32.6795 DEBUG Instantiating TicketStore...
2018-11-09 13:48:32.6935 DEBUG Adding DbTicketStore to the TicketStore...
2018-11-09 14:03:42.1008 DEBUG Setting the display and display size...
2018-11-09 14:03:42.1617 DEBUG Instantiating TicketStore...
2018-11-09 14:03:42.1846 DEBUG Adding DbTicketStore to the TicketStore...
2018-11-09 14:08:57.5251 DEBUG Setting the display and display size...
2018-11-09 14:08:57.5530 DEBUG Instantiating TicketStore...
2018-11-09 14:08:57.5719 DEBUG Adding DbTicketStore to the TicketStore...
2018-11-09 14:17:16.0941 DEBUG Setting the display and display size...
2018-11-09 14:17:16.1320 DEBUG Instantiating TicketStore...
2018-11-09 14:17:16.1439 DEBUG Adding DbTicketStore to the TicketStore...
2018-11-09 14:17:58.5564 DEBUG Setting the display and display size...
2018-11-09 14:17:58.5813 DEBUG Instantiating TicketStore...
2018-11-09 14:17:58.5813 DEBUG Adding DbTicketStore to the TicketStore...
2018-11-09 14:18:44.3305 DEBUG Setting the display and display size...
2018-11-09 14:18:44.3864 DEBUG Instantiating TicketStore...
2018-11-09 14:18:44.3963 DEBUG Adding DbTicketStore to the TicketStore...
2018-11-09 14:20:21.1386 DEBUG Setting the display and display size...
2018-11-09 14:20:21.1725 DEBUG Instantiating TicketStore...
2018-11-09 14:20:21.1994 DEBUG Adding DbTicketStore to the TicketStore...
2018-11-09 16:23:24.0091 DEBUG Setting the display and display size...
2018-11-09 16:23:24.0440 DEBUG Instantiating TicketStore...
2018-11-09 16:23:24.0589 DEBUG Adding DbTicketStore to the TicketStore...
