2018-12-08 00:02:37.7460 DEBUG Setting the display and display size...
2018-12-08 00:02:37.7958 DEBUG Starting the Program...
2018-12-08 00:02:49.2683 DEBUG Opening connection to database to add new user...
2018-12-08 00:03:04.1778 ERROR System.IndexOutOfRangeException: Index was outside the bounds of the array.
   at Support_Ticket_System.SupportTicketSystem.AddUser(String subHeader, TicketDBContext db, String fName, String lName) in C:\Users\Joshua Rauch\source\repos\.Net-Database-Programming\Support Ticket System\SupportTicketSystem.cs:line 901
   at Support_Ticket_System.SupportTicketSystem.Menu() in C:\Users\Joshua Rauch\source\repos\.Net-Database-Programming\Support Ticket System\SupportTicketSystem.cs:line 88
2018-12-08 00:06:53.0639 DEBUG Setting the display and display size...
2018-12-08 00:06:53.0878 DEBUG Starting the Program...
2018-12-08 00:06:55.9315 DEBUG Opening connection to database to add new user...
2018-12-08 00:07:03.8897 ERROR System.IndexOutOfRangeException: Index was outside the bounds of the array.
   at Support_Ticket_System.SupportTicketSystem.AddUser(String subHeader, TicketDBContext db, String fName, String lName) in C:\Users\Joshua Rauch\source\repos\.Net-Database-Programming\Support Ticket System\SupportTicketSystem.cs:line 906
   at Support_Ticket_System.SupportTicketSystem.Menu() in C:\Users\Joshua Rauch\source\repos\.Net-Database-Programming\Support Ticket System\SupportTicketSystem.cs:line 88
2018-12-08 00:07:19.4745 DEBUG Setting the display and display size...
2018-12-08 00:07:19.4994 DEBUG Starting the Program...
2018-12-08 00:07:29.3800 DEBUG Opening connection to database to add new user...
2018-12-08 00:09:44.3473 DEBUG Setting the display and display size...
2018-12-08 00:09:44.3693 DEBUG Starting the Program...
2018-12-08 00:09:46.5749 DEBUG Opening connection to database to add new user...
2018-12-08 00:10:18.3867 DEBUG Opening connection to database to add new user...
2018-12-08 00:12:47.2749 DEBUG Setting the display and display size...
2018-12-08 00:12:47.3068 DEBUG Starting the Program...
2018-12-08 00:12:49.5346 DEBUG Opening connection to database to add new user...
2018-12-08 16:44:37.7323 DEBUG Setting the display and display size...
2018-12-08 16:44:37.7852 DEBUG Starting the Program...
2018-12-08 16:44:46.3487 DEBUG Opening database connection for new ticket...
2018-12-08 16:45:17.7169 DEBUG Adding Ticket to database...
2018-12-08 16:45:51.6253 DEBUG Opening connection to database to add new user...
2018-12-08 16:46:52.0776 ERROR System.InvalidOperationException: The operation cannot be completed because the DbContext has been disposed.
   at System.Data.Entity.Internal.LazyInternalContext.InitializeContext()
   at System.Data.Entity.Internal.Linq.DbQueryProvider.Execute[TResult](Expression expression)
   at System.Linq.Queryable.Count[TSource](IQueryable`1 source)
   at Support_Ticket_System.SupportTicketSystem.TryGetUserByName(TicketDBContext db, String fName, String lName, User& user) in C:\Users\Joshua Rauch\source\repos\.Net-Database-Programming\Support Ticket System\SupportTicketSystem.cs:line 865
   at Support_Ticket_System.SupportTicketSystem.GetUserFromInput(String subHeader, String userRole, TicketDBContext db, User user) in C:\Users\Joshua Rauch\source\repos\.Net-Database-Programming\Support Ticket System\SupportTicketSystem.cs:line 613
   at Support_Ticket_System.SupportTicketSystem.GetCorrectInput(String subHeader, TicketDBContext db, Ticket ticket) in C:\Users\Joshua Rauch\source\repos\.Net-Database-Programming\Support Ticket System\SupportTicketSystem.cs:line 750
   at Support_Ticket_System.SupportTicketSystem.GenerateNewTicket() in C:\Users\Joshua Rauch\source\repos\.Net-Database-Programming\Support Ticket System\SupportTicketSystem.cs:line 259
2018-12-08 16:48:44.0849 DEBUG Setting the display and display size...
2018-12-08 16:48:44.1308 DEBUG Starting the Program...
