2018-11-28 10:11:27.6015 DEBUG Setting the display and display size...
2018-11-28 10:11:27.6733 DEBUG Starting the Program...
2018-11-28 10:11:35.6887 DEBUG Opening connection to database to print all tickets...
2018-11-28 10:11:39.3785 DEBUG Execute query to retrieve all tickets...
2018-11-28 10:15:47.9172 DEBUG Opening connection to database to search...
2018-11-28 10:15:47.9415 DEBUG Executing search query...
2018-11-28 10:16:03.3956 DEBUG Opening connection to database to retrieve and update ticket...
2018-11-28 10:16:10.7948 DEBUG Saving changes to ticket...
2018-11-28 10:16:10.8407 INFO Ticket updated successfully.
2018-11-28 10:22:30.4905 DEBUG Setting the display and display size...
2018-11-28 10:22:30.5523 DEBUG Starting the Program...
2018-11-28 10:22:34.4409 DEBUG Opening connection to database to print all tickets...
2018-11-28 10:22:37.6401 DEBUG Execute query to retrieve all tickets...
2018-11-28 10:22:47.5598 DEBUG Opening connection to database to search...
2018-11-28 10:22:47.5727 DEBUG Executing search query...
2018-11-28 10:23:01.2804 DEBUG Opening connection to database to retrieve and update ticket...
2018-11-28 10:23:11.4756 DEBUG Saving changes to ticket...
2018-11-28 10:23:11.5183 INFO Ticket updated successfully.
2018-11-28 10:23:21.2463 DEBUG Opening database connection for new ticket...
2018-11-28 10:25:51.7577 DEBUG Setting the display and display size...
2018-11-28 10:25:51.8238 DEBUG Starting the Program...
2018-11-28 10:25:56.3892 DEBUG Opening database connection for new ticket...
2018-11-28 10:26:33.0161 DEBUG Adding Ticket to database...
2018-11-28 10:26:36.5477 DEBUG Saving changes to database...
2018-11-28 10:27:14.3365 DEBUG Opening database connection for new ticket...
2018-11-28 10:27:59.4236 DEBUG Adding Ticket to database...
2018-11-28 10:28:01.7267 DEBUG Saving changes to database...
