2018-11-26 00:55:09.0933 DEBUG Setting the display and display size...
2018-11-26 01:33:03.4245 DEBUG Setting the display and display size...
2018-11-26 02:45:42.0706 DEBUG Setting the display and display size...
2018-11-26 02:48:06.3716 DEBUG Setting the display and display size...
2018-11-26 02:49:03.4489 ERROR System.InvalidOperationException: Collection was modified; enumeration operation may not execute.
   at System.ThrowHelper.ThrowInvalidOperationException(ExceptionResource resource)
   at System.Collections.Generic.List`1.Enumerator.MoveNextRare()
   at System.Collections.Generic.List`1.Enumerator.MoveNext()
   at Support_Ticket_System.SupportTicketSystem.GetWatchingInput(TicketDBContext db, User submitter, User assigned, List`1 watchingUsers) in C:\Users\Joshua Rauch\source\repos\.Net-Database-Programming\Support Ticket System\SupportTicketSystem.cs:line 526
   at Support_Ticket_System.SupportTicketSystem.GetCorrectInput(TicketDBContext db, Ticket ticket, String subHeader) in C:\Users\Joshua Rauch\source\repos\.Net-Database-Programming\Support Ticket System\SupportTicketSystem.cs:line 605
   at Support_Ticket_System.SupportTicketSystem.NewTicket() in C:\Users\Joshua Rauch\source\repos\.Net-Database-Programming\Support Ticket System\SupportTicketSystem.cs:line 162
   at Support_Ticket_System.SupportTicketSystem.Menu() in C:\Users\Joshua Rauch\source\repos\.Net-Database-Programming\Support Ticket System\SupportTicketSystem.cs:line 64
   at Support_Ticket_System.SupportTicketSystem.Start() in C:\Users\Joshua Rauch\source\repos\.Net-Database-Programming\Support Ticket System\SupportTicketSystem.cs:line 39
   at Support_Ticket_System.Program.Main() in C:\Users\Joshua Rauch\source\repos\.Net-Database-Programming\Support Ticket System\Program.cs:line 25
2018-11-26 02:51:28.6118 DEBUG Setting the display and display size...
2018-11-26 03:26:14.1745 DEBUG Setting the display and display size...
2018-11-26 03:29:27.7839 DEBUG Setting the display and display size...
2018-11-26 04:30:56.8810 DEBUG Setting the display and display size...
2018-11-26 04:31:25.9474 ERROR System.InvalidOperationException: A referential integrity constraint violation occurred: The property value(s) of 'Ticket.TicketID' on one end of a relationship do not match the property value(s) of 'WatchingUser.TicketID' on the other end.
   at System.Data.Entity.Core.Objects.DataClasses.RelatedEnd.CheckReferentialConstraintProperties(EntityEntry ownerEntry)
   at System.Data.Entity.Core.Objects.DataClasses.RelationshipManager.CheckReferentialConstraintProperties(EntityEntry ownerEntry)
   at System.Data.Entity.Core.Objects.EntityEntry.AcceptChanges()
   at System.Data.Entity.Core.Objects.ObjectContext.AcceptAllChanges()
   at System.Data.Entity.Core.Objects.ObjectContext.SaveChangesToStore(SaveOptions options, IDbExecutionStrategy executionStrategy, Boolean startLocalTransaction)
2018-11-26 04:35:11.0311 DEBUG Setting the display and display size...
2018-11-26 04:35:29.0322 ERROR System.InvalidOperationException: The operation failed: The relationship could not be changed because one or more of the foreign-key properties is non-nullable. When a change is made to a relationship, the related foreign-key property is set to a null value. If the foreign-key does not support null values, a new relationship must be defined, the foreign-key property must be assigned another non-null value, or the unrelated object must be deleted.
   at System.Data.Entity.Core.Objects.ObjectContext.PrepareToSaveChanges(SaveOptions options)
   at System.Data.Entity.Core.Objects.ObjectContext.SaveChangesInternal(SaveOptions options, Boolean executeInExistingTransaction)
   at System.Data.Entity.Core.Objects.ObjectContext.SaveChanges(SaveOptions options)
   at System.Data.Entity.Internal.InternalContext.SaveChanges()
   at System.Data.Entity.Internal.LazyInternalContext.SaveChanges()
   at System.Data.Entity.DbContext.SaveChanges()
   at Support_Ticket_System.SupportTicketSystem.UpdateTicket() in C:\Users\Joshua Rauch\source\repos\.Net-Database-Programming\Support Ticket System\SupportTicketSystem.cs:line 249
   at Support_Ticket_System.SupportTicketSystem.Menu() in C:\Users\Joshua Rauch\source\repos\.Net-Database-Programming\Support Ticket System\SupportTicketSystem.cs:line 67
   at Support_Ticket_System.SupportTicketSystem.Start() in C:\Users\Joshua Rauch\source\repos\.Net-Database-Programming\Support Ticket System\SupportTicketSystem.cs:line 39
   at Support_Ticket_System.Program.Main() in C:\Users\Joshua Rauch\source\repos\.Net-Database-Programming\Support Ticket System\Program.cs:line 25
2018-11-26 04:36:34.4666 DEBUG Setting the display and display size...
2018-11-26 04:39:11.6290 ERROR System.InvalidOperationException: A referential integrity constraint violation occurred: The property value(s) of 'Ticket.TicketID' on one end of a relationship do not match the property value(s) of 'WatchingUser.TicketID' on the other end.
   at System.Data.Entity.Core.Objects.DataClasses.RelatedEnd.CheckReferentialConstraintProperties(EntityEntry ownerEntry)
   at System.Data.Entity.Core.Objects.DataClasses.RelationshipManager.CheckReferentialConstraintProperties(EntityEntry ownerEntry)
   at System.Data.Entity.Core.Objects.EntityEntry.AcceptChanges()
   at System.Data.Entity.Core.Objects.ObjectContext.AcceptAllChanges()
   at System.Data.Entity.Core.Objects.ObjectContext.SaveChangesToStore(SaveOptions options, IDbExecutionStrategy executionStrategy, Boolean startLocalTransaction)
2018-11-26 04:42:02.3291 DEBUG Setting the display and display size...
2018-11-26 04:42:31.4948 ERROR System.InvalidOperationException: The operation failed: The relationship could not be changed because one or more of the foreign-key properties is non-nullable. When a change is made to a relationship, the related foreign-key property is set to a null value. If the foreign-key does not support null values, a new relationship must be defined, the foreign-key property must be assigned another non-null value, or the unrelated object must be deleted.
   at System.Data.Entity.Core.Objects.ObjectContext.PrepareToSaveChanges(SaveOptions options)
   at System.Data.Entity.Core.Objects.ObjectContext.SaveChangesInternal(SaveOptions options, Boolean executeInExistingTransaction)
   at System.Data.Entity.Core.Objects.ObjectContext.SaveChanges(SaveOptions options)
   at System.Data.Entity.Internal.InternalContext.SaveChanges()
   at System.Data.Entity.Internal.LazyInternalContext.SaveChanges()
   at System.Data.Entity.DbContext.SaveChanges()
   at Support_Ticket_System.SupportTicketSystem.UpdateTicket() in C:\Users\Joshua Rauch\source\repos\.Net-Database-Programming\Support Ticket System\SupportTicketSystem.cs:line 249
   at Support_Ticket_System.SupportTicketSystem.Menu() in C:\Users\Joshua Rauch\source\repos\.Net-Database-Programming\Support Ticket System\SupportTicketSystem.cs:line 67
   at Support_Ticket_System.SupportTicketSystem.Start() in C:\Users\Joshua Rauch\source\repos\.Net-Database-Programming\Support Ticket System\SupportTicketSystem.cs:line 39
   at Support_Ticket_System.Program.Main() in C:\Users\Joshua Rauch\source\repos\.Net-Database-Programming\Support Ticket System\Program.cs:line 25
2018-11-26 04:59:12.4732 DEBUG Setting the display and display size...
2018-11-26 05:14:52.7064 DEBUG Setting the display and display size...
2018-11-26 05:17:56.5590 DEBUG Setting the display and display size...
2018-11-26 05:20:08.5546 DEBUG Setting the display and display size...
2018-11-26 05:22:23.2343 DEBUG Setting the display and display size...
2018-11-26 05:25:38.2588 DEBUG Setting the display and display size...
2018-11-26 05:27:17.5993 ERROR System.ArgumentOutOfRangeException: Index was out of range. Must be non-negative and less than the size of the collection.
Parameter name: index
   at System.ThrowHelper.ThrowArgumentOutOfRangeException(ExceptionArgument argument, ExceptionResource resource)
   at System.SZArrayHelper.get_Item[T](Int32 index)
   at Support_Ticket_System.SupportTicketSystem.GetUserFromInput(TicketDBContext db, IList`1 userNames) in C:\Users\Joshua Rauch\source\repos\.Net-Database-Programming\Support Ticket System\SupportTicketSystem.cs:line 466
   at Support_Ticket_System.SupportTicketSystem.GetSubmitterInput(String subHeader, TicketDBContext db) in C:\Users\Joshua Rauch\source\repos\.Net-Database-Programming\Support Ticket System\SupportTicketSystem.cs:line 440
   at Support_Ticket_System.SupportTicketSystem.NewTicket() in C:\Users\Joshua Rauch\source\repos\.Net-Database-Programming\Support Ticket System\SupportTicketSystem.cs:line 159
   at Support_Ticket_System.SupportTicketSystem.Menu() in C:\Users\Joshua Rauch\source\repos\.Net-Database-Programming\Support Ticket System\SupportTicketSystem.cs:line 64
   at Support_Ticket_System.SupportTicketSystem.Start() in C:\Users\Joshua Rauch\source\repos\.Net-Database-Programming\Support Ticket System\SupportTicketSystem.cs:line 39
   at Support_Ticket_System.Program.Main() in C:\Users\Joshua Rauch\source\repos\.Net-Database-Programming\Support Ticket System\Program.cs:line 25
2018-11-26 05:31:21.8277 DEBUG Setting the display and display size...
2018-11-26 05:34:42.1610 DEBUG Setting the display and display size...
2018-11-26 05:42:12.3114 DEBUG Setting the display and display size...
2018-11-26 05:42:18.5275 ERROR System.NotSupportedException: Values of type 'User' can not be converted to string.
   at System.Data.Entity.Core.Objects.ELinq.ExpressionConverter.StringTranslatorUtil.ConvertToString(ExpressionConverter parent, Expression linqExpression)
   at System.Data.Entity.Core.Objects.ELinq.ExpressionConverter.MethodCallTranslator.ToStringTranslator.Translate(ExpressionConverter parent, MethodCallExpression call)
   at System.Data.Entity.Core.Objects.ELinq.ExpressionConverter.MethodCallTranslator.TypedTranslate(ExpressionConverter parent, MethodCallExpression linq)
   at System.Data.Entity.Core.Objects.ELinq.ExpressionConverter.TypedTranslator`1.Translate(ExpressionConverter parent, Expression linq)
   at System.Data.Entity.Core.Objects.ELinq.ExpressionConverter.TranslateExpression(Expression linq)
   at System.Data.Entity.Core.Objects.ELinq.ExpressionConverter.TranslateFunctionIntoLike(MethodCallExpression call, Boolean insertPercentAtStart, Boolean insertPercentAtEnd, Func`5 defaultTranslator)
   at System.Data.Entity.Core.Objects.ELinq.ExpressionConverter.MethodCallTranslator.StringContainsTranslator.Translate(ExpressionConverter parent, MethodCallExpression call)
   at System.Data.Entity.Core.Objects.ELinq.ExpressionConverter.MethodCallTranslator.TypedTranslate(ExpressionConverter parent, MethodCallExpression linq)
   at System.Data.Entity.Core.Objects.ELinq.ExpressionConverter.TypedTranslator`1.Translate(ExpressionConverter parent, Expression linq)
   at System.Data.Entity.Core.Objects.ELinq.ExpressionConverter.TranslateExpression(Expression linq)
   at System.Data.Entity.Core.Objects.ELinq.ExpressionConverter.BinaryTranslator.TypedTranslate(ExpressionConverter parent, BinaryExpression linq)
   at System.Data.Entity.Core.Objects.ELinq.ExpressionConverter.TypedTranslator`1.Translate(ExpressionConverter parent, Expression linq)
   at System.Data.Entity.Core.Objects.ELinq.ExpressionConverter.TranslateExpression(Expression linq)
   at System.Data.Entity.Core.Objects.ELinq.ExpressionConverter.BinaryTranslator.TypedTranslate(ExpressionConverter parent, BinaryExpression linq)
   at System.Data.Entity.Core.Objects.ELinq.ExpressionConverter.TypedTranslator`1.Translate(ExpressionConverter parent, Expression linq)
   at System.Data.Entity.Core.Objects.ELinq.ExpressionConverter.TranslateExpression(Expression linq)
   at System.Data.Entity.Core.Objects.ELinq.ExpressionConverter.BinaryTranslator.TypedTranslate(ExpressionConverter parent, BinaryExpression linq)
   at System.Data.Entity.Core.Objects.ELinq.ExpressionConverter.TypedTranslator`1.Translate(ExpressionConverter parent, Expression linq)
   at System.Data.Entity.Core.Objects.ELinq.ExpressionConverter.TranslateExpression(Expression linq)
   at System.Data.Entity.Core.Objects.ELinq.ExpressionConverter.TranslateLambda(LambdaExpression lambda, DbExpression input)
   at System.Data.Entity.Core.Objects.ELinq.ExpressionConverter.TranslateLambda(LambdaExpression lambda, DbExpression input, DbExpressionBinding& binding)
   at System.Data.Entity.Core.Objects.ELinq.ExpressionConverter.MethodCallTranslator.OneLambdaTranslator.Translate(ExpressionConverter parent, MethodCallExpression call, DbExpression& source, DbExpressionBinding& sourceBinding, DbExpression& lambda)
   at System.Data.Entity.Core.Objects.ELinq.ExpressionConverter.MethodCallTranslator.OneLambdaTranslator.Translate(ExpressionConverter parent, MethodCallExpression call)
   at System.Data.Entity.Core.Objects.ELinq.ExpressionConverter.MethodCallTranslator.SequenceMethodTranslator.Translate(ExpressionConverter parent, MethodCallExpression call, SequenceMethod sequenceMethod)
   at System.Data.Entity.Core.Objects.ELinq.ExpressionConverter.MethodCallTranslator.TypedTranslate(ExpressionConverter parent, MethodCallExpression linq)
   at System.Data.Entity.Core.Objects.ELinq.ExpressionConverter.TypedTranslator`1.Translate(ExpressionConverter parent, Expression linq)
   at System.Data.Entity.Core.Objects.ELinq.ExpressionConverter.TranslateExpression(Expression linq)
   at System.Data.Entity.Core.Objects.ELinq.ExpressionConverter.MethodCallTranslator.OneLambdaTranslator.Translate(ExpressionConverter parent, MethodCallExpression call, DbExpression& source, DbExpressionBinding& sourceBinding, DbExpression& lambda)
   at System.Data.Entity.Core.Objects.ELinq.ExpressionConverter.MethodCallTranslator.SelectTranslator.Translate(ExpressionConverter parent, MethodCallExpression call)
   at System.Data.Entity.Core.Objects.ELinq.ExpressionConverter.MethodCallTranslator.SequenceMethodTranslator.Translate(ExpressionConverter parent, MethodCallExpression call, SequenceMethod sequenceMethod)
   at System.Data.Entity.Core.Objects.ELinq.ExpressionConverter.MethodCallTranslator.TypedTranslate(ExpressionConverter parent, MethodCallExpression linq)
   at System.Data.Entity.Core.Objects.ELinq.ExpressionConverter.TypedTranslator`1.Translate(ExpressionConverter parent, Expression linq)
   at System.Data.Entity.Core.Objects.ELinq.ExpressionConverter.TranslateExpression(Expression linq)
   at System.Data.Entity.Core.Objects.ELinq.ExpressionConverter.Convert()
   at System.Data.Entity.Core.Objects.ELinq.ELinqQueryState.GetExecutionPlan(Nullable`1 forMergeOption)
   at System.Data.Entity.Core.Objects.ObjectQuery`1.<>c__DisplayClass3.<GetResults>b__2()
   at System.Data.Entity.Core.Objects.ObjectContext.ExecuteInTransaction[T](Func`1 func, IDbExecutionStrategy executionStrategy, Boolean startLocalTransaction, Boolean releaseConnectionOnSuccess)
   at System.Data.Entity.Core.Objects.ObjectQuery`1.<>c__DisplayClass3.<GetResults>b__1()
   at System.Data.Entity.SqlServer.DefaultSqlExecutionStrategy.Execute[TResult](Func`1 operation)
   at System.Data.Entity.Core.Objects.ObjectQuery`1.GetResults(Nullable`1 forMergeOption)
   at System.Data.Entity.Core.Objects.ObjectQuery`1.<System.Collections.Generic.IEnumerable<T>.GetEnumerator>b__0()
   at System.Data.Entity.Internal.LazyEnumerator`1.MoveNext()
   at Support_Ticket_System.SupportTicketSystem.SearchAllTickets() in C:\Users\Joshua Rauch\source\repos\.Net-Database-Programming\Support Ticket System\SupportTicketSystem.cs:line 193
   at Support_Ticket_System.SupportTicketSystem.Menu() in C:\Users\Joshua Rauch\source\repos\.Net-Database-Programming\Support Ticket System\SupportTicketSystem.cs:line 73
   at Support_Ticket_System.SupportTicketSystem.Start() in C:\Users\Joshua Rauch\source\repos\.Net-Database-Programming\Support Ticket System\SupportTicketSystem.cs:line 39
   at Support_Ticket_System.Program.Main() in C:\Users\Joshua Rauch\source\repos\.Net-Database-Programming\Support Ticket System\Program.cs:line 25
2018-11-26 05:55:49.5782 DEBUG Setting the display and display size...
2018-11-26 05:58:30.0848 DEBUG Setting the display and display size...
2018-11-26 06:00:42.2199 DEBUG Setting the display and display size...
2018-11-26 06:45:19.3141 DEBUG Setting the display and display size...
2018-11-26 06:45:19.3580 DEBUG Starting the Program...
