2018-12-05 00:34:30.9062 DEBUG Setting the display and display size...
2018-12-05 00:34:30.9740 DEBUG Starting the Program...
2018-12-05 00:35:10.7805 DEBUG Setting the display and display size...
2018-12-05 00:35:10.8224 DEBUG Starting the Program...
2018-12-05 00:35:14.7969 DEBUG Opening database connection for new ticket...
2018-12-05 00:35:25.7370 ERROR System.NullReferenceException: Object reference not set to an instance of an object.
   at Support_Ticket_System.ConsoleDisplay.SendWait[T](T s) in C:\Users\Joshua Rauch\source\repos\.Net-Database-Programming\Support Ticket System\ConsoleDisplay.cs:line 88
   at Support_Ticket_System.SupportTicketSystem.GetSummaryInput(String subHeader, String summary) in C:\Users\Joshua Rauch\source\repos\.Net-Database-Programming\Support Ticket System\SupportTicketSystem.cs:line 493
   at Support_Ticket_System.SupportTicketSystem.NewTicket() in C:\Users\Joshua Rauch\source\repos\.Net-Database-Programming\Support Ticket System\SupportTicketSystem.cs:line 183
2018-12-05 00:35:37.4316 DEBUG Opening database connection for new ticket...
2018-12-05 00:35:40.6080 ERROR System.NullReferenceException: Object reference not set to an instance of an object.
   at Support_Ticket_System.ConsoleDisplay.SendWait[T](T s) in C:\Users\Joshua Rauch\source\repos\.Net-Database-Programming\Support Ticket System\ConsoleDisplay.cs:line 88
   at Support_Ticket_System.SupportTicketSystem.GetSummaryInput(String subHeader, String summary) in C:\Users\Joshua Rauch\source\repos\.Net-Database-Programming\Support Ticket System\SupportTicketSystem.cs:line 493
   at Support_Ticket_System.SupportTicketSystem.NewTicket() in C:\Users\Joshua Rauch\source\repos\.Net-Database-Programming\Support Ticket System\SupportTicketSystem.cs:line 183
2018-12-05 00:41:05.9129 DEBUG Setting the display and display size...
2018-12-05 00:41:05.9826 DEBUG Starting the Program...
2018-12-05 00:41:13.1504 DEBUG Opening database connection for new ticket...
2018-12-05 00:42:25.6418 DEBUG Adding Ticket to database...
2018-12-05 00:42:25.7070 ERROR System.NullReferenceException: Object reference not set to an instance of an object.
   at Support_Ticket_System.Utility.ListExtensions.ToFormattedString[T](IEnumerable`1 list) in C:\Users\Joshua Rauch\source\repos\.Net-Database-Programming\Support Ticket System\Extensions\ListExtentions.cs:line 31
   at Support_Ticket_System.SupportTicketSystem.GetCorrectInput(String subHeader, TicketDBContext db, Ticket ticket) in C:\Users\Joshua Rauch\source\repos\.Net-Database-Programming\Support Ticket System\SupportTicketSystem.cs:line 662
   at Support_Ticket_System.SupportTicketSystem.NewTicket() in C:\Users\Joshua Rauch\source\repos\.Net-Database-Programming\Support Ticket System\SupportTicketSystem.cs:line 191
2018-12-05 00:52:14.5539 DEBUG Setting the display and display size...
2018-12-05 00:52:14.6281 DEBUG Starting the Program...
2018-12-05 00:52:20.0130 DEBUG Opening database connection for new ticket...
2018-12-05 01:08:12.5504 DEBUG Setting the display and display size...
2018-12-05 01:08:12.5993 DEBUG Starting the Program...
2018-12-05 01:08:14.2637 DEBUG Opening database connection for new ticket...
2018-12-05 01:09:03.3524 DEBUG Setting the display and display size...
2018-12-05 01:09:03.4161 DEBUG Starting the Program...
2018-12-05 01:09:07.4542 DEBUG Opening database connection for new ticket...
2018-12-05 01:10:06.0176 DEBUG Adding Ticket to database...
2018-12-05 01:10:06.0571 ERROR System.NullReferenceException: Object reference not set to an instance of an object.
   at Support_Ticket_System.Utility.ListExtensions.ToFormattedString[T](IEnumerable`1 list) in C:\Users\Joshua Rauch\source\repos\.Net-Database-Programming\Support Ticket System\Extensions\ListExtentions.cs:line 31
   at Support_Ticket_System.SupportTicketSystem.GetCorrectInput(String subHeader, TicketDBContext db, Ticket ticket) in C:\Users\Joshua Rauch\source\repos\.Net-Database-Programming\Support Ticket System\SupportTicketSystem.cs:line 675
   at Support_Ticket_System.SupportTicketSystem.NewTicket() in C:\Users\Joshua Rauch\source\repos\.Net-Database-Programming\Support Ticket System\SupportTicketSystem.cs:line 204
2018-12-05 01:12:02.6051 DEBUG Setting the display and display size...
2018-12-05 01:12:02.6723 DEBUG Starting the Program...
2018-12-05 01:12:04.0160 DEBUG Opening database connection for new ticket...
2018-12-05 01:12:39.0523 DEBUG Adding Ticket to database...
2018-12-05 01:12:39.1021 ERROR System.NullReferenceException: Object reference not set to an instance of an object.
   at Support_Ticket_System.Utility.ListExtensions.ToFormattedString[T](IEnumerable`1 list) in C:\Users\Joshua Rauch\source\repos\.Net-Database-Programming\Support Ticket System\Extensions\ListExtentions.cs:line 31
   at Support_Ticket_System.SupportTicketSystem.GetCorrectInput(String subHeader, TicketDBContext db, Ticket ticket) in C:\Users\Joshua Rauch\source\repos\.Net-Database-Programming\Support Ticket System\SupportTicketSystem.cs:line 671
   at Support_Ticket_System.SupportTicketSystem.NewTicket() in C:\Users\Joshua Rauch\source\repos\.Net-Database-Programming\Support Ticket System\SupportTicketSystem.cs:line 200
2018-12-05 01:17:13.6891 DEBUG Setting the display and display size...
2018-12-05 01:17:13.7380 DEBUG Starting the Program...
2018-12-05 01:17:16.1888 DEBUG Opening database connection for new ticket...
2018-12-05 01:20:21.1138 DEBUG Setting the display and display size...
2018-12-05 01:20:21.1567 DEBUG Starting the Program...
2018-12-05 01:20:22.7322 DEBUG Opening database connection for new ticket...
2018-12-05 01:20:49.1779 DEBUG Adding Ticket to database...
2018-12-05 01:21:18.0847 DEBUG Saving changes to database...
