2018-12-07 20:43:26.7403 DEBUG Setting the display and display size...
2018-12-07 20:43:26.8081 DEBUG Starting the Program...
2018-12-07 20:43:52.7309 DEBUG Opening database connection for new ticket...
2018-12-07 20:44:57.3591 DEBUG Adding Ticket to database...
2018-12-07 20:45:06.8821 ERROR System.InvalidOperationException: Sequence contains no elements
   at System.Linq.Enumerable.Single[TSource](IEnumerable`1 source)
   at Support_Ticket_System.SupportTicketSystem.GetCorrectInput(String subHeader, TicketDBContext db, Ticket ticket) in C:\Users\Joshua Rauch\source\repos\.Net-Database-Programming\Support Ticket System\SupportTicketSystem.cs:line 717
   at Support_Ticket_System.SupportTicketSystem.NewTicket() in C:\Users\Joshua Rauch\source\repos\.Net-Database-Programming\Support Ticket System\SupportTicketSystem.cs:line 200
2018-12-07 20:49:57.6863 DEBUG Setting the display and display size...
2018-12-07 20:49:57.7093 DEBUG Starting the Program...
2018-12-07 20:50:00.6511 DEBUG Opening database connection for new ticket...
2018-12-07 20:50:33.2991 DEBUG Adding Ticket to database...
2018-12-07 20:51:07.9751 ERROR System.InvalidOperationException: Sequence contains no elements
   at System.Linq.Enumerable.Single[TSource](IEnumerable`1 source)
   at Support_Ticket_System.SupportTicketSystem.GetCorrectInput(String subHeader, TicketDBContext db, Ticket ticket) in C:\Users\Joshua Rauch\source\repos\.Net-Database-Programming\Support Ticket System\SupportTicketSystem.cs:line 737
   at Support_Ticket_System.SupportTicketSystem.NewTicket() in C:\Users\Joshua Rauch\source\repos\.Net-Database-Programming\Support Ticket System\SupportTicketSystem.cs:line 200
2018-12-07 21:43:25.7030 DEBUG Setting the display and display size...
2018-12-07 21:43:25.7419 DEBUG Starting the Program...
2018-12-07 21:43:33.6724 DEBUG Opening database connection for new ticket...
2018-12-07 21:44:06.1788 DEBUG Adding Ticket to database...
2018-12-07 21:44:23.0005 DEBUG Saving changes to database...
2018-12-07 21:45:25.4712 DEBUG Setting the display and display size...
2018-12-07 21:45:25.5150 DEBUG Starting the Program...
2018-12-07 21:45:26.6151 DEBUG Opening database connection for new ticket...
2018-12-07 21:46:21.8404 DEBUG Adding Ticket to database...
2018-12-07 21:46:33.4235 DEBUG Saving changes to database...
