2018-11-27 00:05:11.3676 DEBUG Setting the display and display size...
2018-11-27 00:05:11.4095 DEBUG Starting the Program...
2018-11-27 00:06:19.8752 DEBUG Setting the display and display size...
2018-11-27 00:06:19.9100 DEBUG Starting the Program...
2018-11-27 00:06:24.0914 DEBUG Opening database connection for new ticket...
2018-11-27 00:07:15.1878 DEBUG Adding Ticket to database...
2018-11-27 00:07:28.1807 DEBUG Saving changes to database...
2018-11-27 00:07:33.5765 DEBUG Opening connection to database to print all tickets...
2018-11-27 00:07:33.6074 DEBUG Execute query to retrieve all tickets...
2018-11-27 00:07:57.6301 DEBUG Opening connection to database to retrieve and update ticket...
2018-11-27 00:07:57.7726 ERROR System.InvalidOperationException: The operation failed: The relationship could not be changed because one or more of the foreign-key properties is non-nullable. When a change is made to a relationship, the related foreign-key property is set to a null value. If the foreign-key does not support null values, a new relationship must be defined, the foreign-key property must be assigned another non-null value, or the unrelated object must be deleted.
   at System.Data.Entity.Core.Objects.ObjectContext.PrepareToSaveChanges(SaveOptions options)
   at System.Data.Entity.Core.Objects.ObjectContext.SaveChangesInternal(SaveOptions options, Boolean executeInExistingTransaction)
   at System.Data.Entity.Core.Objects.ObjectContext.SaveChanges(SaveOptions options)
   at System.Data.Entity.Internal.InternalContext.SaveChanges()
   at System.Data.Entity.Internal.LazyInternalContext.SaveChanges()
   at System.Data.Entity.DbContext.SaveChanges()
   at Support_Ticket_System.SupportTicketSystem.DeleteTicket() in C:\Users\Joshua Rauch\source\repos\.Net-Database-Programming\Support Ticket System\SupportTicketSystem.cs:line 314
   at Support_Ticket_System.SupportTicketSystem.Menu() in C:\Users\Joshua Rauch\source\repos\.Net-Database-Programming\Support Ticket System\SupportTicketSystem.cs:line 77
   at Support_Ticket_System.SupportTicketSystem.Start() in C:\Users\Joshua Rauch\source\repos\.Net-Database-Programming\Support Ticket System\SupportTicketSystem.cs:line 42
   at Support_Ticket_System.Program.Main() in C:\Users\Joshua Rauch\source\repos\.Net-Database-Programming\Support Ticket System\Program.cs:line 26
2018-11-27 00:19:20.6426 DEBUG Setting the display and display size...
2018-11-27 00:19:20.6826 DEBUG Starting the Program...
2018-11-27 00:22:38.6683 DEBUG Setting the display and display size...
2018-11-27 00:22:38.7072 DEBUG Starting the Program...
2018-11-27 00:22:42.7233 DEBUG Opening connection to database to retrieve and update ticket...
2018-11-27 00:23:05.0142 DEBUG Setting the display and display size...
2018-11-27 00:23:05.0710 DEBUG Starting the Program...
2018-11-27 00:23:09.4753 DEBUG Opening connection to database to retrieve and update ticket...
2018-11-27 00:23:34.0281 DEBUG Opening connection to database to retrieve and update ticket...
2018-11-27 00:24:00.7419 DEBUG Opening connection to database to print all tickets...
2018-11-27 00:24:00.7512 DEBUG Execute query to retrieve all tickets...
2018-11-27 00:34:12.7406 DEBUG Setting the display and display size...
2018-11-27 00:34:12.7768 DEBUG Starting the Program...
2018-11-27 00:34:15.2918 DEBUG Opening connection to database to print all tickets...
2018-11-27 00:34:16.0398 DEBUG Execute query to retrieve all tickets...
2018-11-27 00:34:35.1565 DEBUG Opening database connection for new ticket...
2018-11-27 00:35:33.0193 DEBUG Adding Ticket to database...
2018-11-27 00:36:21.9878 DEBUG Saving changes to database...
2018-11-27 00:36:28.0984 DEBUG Opening connection to database to retrieve and update ticket...
2018-11-27 00:36:45.0835 DEBUG Opening connection to database to retrieve and update ticket...
2018-11-27 00:36:59.5191 DEBUG Saving changes to ticket...
2018-11-27 00:36:59.5292 INFO Ticket updated successfully.
2018-11-27 01:09:53.5196 DEBUG Setting the display and display size...
2018-11-27 01:09:53.5825 DEBUG Starting the Program...
2018-11-27 01:09:54.5549 DEBUG Opening database connection for new ticket...
2018-11-27 01:10:30.3198 DEBUG Adding Ticket to database...
2018-11-27 01:10:37.2800 DEBUG Saving changes to database...
2018-11-27 01:10:48.7292 DEBUG Opening connection to database to retrieve and update ticket...
2018-11-27 01:13:04.4066 DEBUG Setting the display and display size...
2018-11-27 01:13:04.4396 DEBUG Starting the Program...
2018-11-27 01:13:10.3806 DEBUG Opening connection to database to print all tickets...
2018-11-27 01:13:11.0060 DEBUG Execute query to retrieve all tickets...
2018-11-27 01:13:32.0909 DEBUG Opening connection to database to print all tickets...
2018-11-27 01:13:32.1049 DEBUG Execute query to retrieve all tickets...
2018-11-27 01:13:54.2915 DEBUG Opening connection to database to retrieve and update ticket...
2018-11-27 01:14:03.1086 DEBUG Saving changes to ticket...
2018-11-27 01:14:03.1473 INFO Ticket updated successfully.
2018-11-27 18:38:43.3096 DEBUG Setting the display and display size...
2018-11-27 18:38:43.3684 DEBUG Starting the Program...
2018-11-27 18:38:51.0380 DEBUG Opening connection to database to print all tickets...
2018-11-27 18:38:51.5516 DEBUG Execute query to retrieve all tickets...
2018-11-27 18:39:23.3152 DEBUG Opening connection to database to print all tickets...
2018-11-27 18:39:23.3152 DEBUG Execute query to retrieve all tickets...
2018-11-27 18:39:44.9571 DEBUG Opening connection to database to print all tickets...
2018-11-27 18:39:44.9571 DEBUG Execute query to retrieve all tickets...
2018-11-27 18:41:42.9131 DEBUG Setting the display and display size...
2018-11-27 18:41:42.9630 DEBUG Starting the Program...
2018-11-27 18:41:50.6330 DEBUG Opening connection to database to print all tickets...
2018-11-27 18:41:51.0932 DEBUG Execute query to retrieve all tickets...
2018-11-27 18:51:47.2722 DEBUG Setting the display and display size...
2018-11-27 18:51:47.3460 DEBUG Starting the Program...
2018-11-27 18:51:49.4964 DEBUG Opening connection to database to print all tickets...
2018-11-27 18:51:50.4559 DEBUG Execute query to retrieve all tickets...
2018-11-27 18:53:10.1969 DEBUG Opening connection to database to print all tickets...
2018-11-27 18:53:10.2038 DEBUG Execute query to retrieve all tickets...
2018-11-27 19:55:19.0106 DEBUG Opening connection to database to print all tickets...
2018-11-27 19:55:19.0245 DEBUG Execute query to retrieve all tickets...
2018-11-27 19:57:20.8245 DEBUG Setting the display and display size...
2018-11-27 19:57:20.8774 DEBUG Starting the Program...
2018-11-27 19:57:28.9036 DEBUG Opening connection to database to print all tickets...
2018-11-27 19:57:29.8919 DEBUG Execute query to retrieve all tickets...
2018-11-27 20:12:20.3901 DEBUG Setting the display and display size...
2018-11-27 20:12:20.4789 DEBUG Starting the Program...
2018-11-27 20:12:26.2453 DEBUG Opening connection to database to print all tickets...
2018-11-27 20:12:29.3176 DEBUG Execute query to retrieve all tickets...
2018-11-27 20:12:44.2969 DEBUG Setting the display and display size...
2018-11-27 20:12:44.3428 DEBUG Starting the Program...
2018-11-27 20:12:54.0221 DEBUG Opening connection to database to print all tickets...
2018-11-27 20:12:57.0799 DEBUG Execute query to retrieve all tickets...
2018-11-27 20:13:55.8389 DEBUG Opening connection to database to print all tickets...
2018-11-27 20:13:55.8748 DEBUG Execute query to retrieve all tickets...
2018-11-27 20:14:07.9266 DEBUG Opening connection to database to print all tickets...
2018-11-27 20:14:07.9673 DEBUG Execute query to retrieve all tickets...
2018-11-27 20:14:22.9300 DEBUG Setting the display and display size...
2018-11-27 20:14:22.9708 DEBUG Starting the Program...
2018-11-27 20:14:25.8440 DEBUG Opening connection to database to print all tickets...
2018-11-27 20:14:29.0741 DEBUG Execute query to retrieve all tickets...
2018-11-27 20:45:04.5273 DEBUG Setting the display and display size...
2018-11-27 20:45:04.5882 DEBUG Starting the Program...
2018-11-27 20:45:15.4825 DEBUG Opening connection to database to print all tickets...
2018-11-27 20:45:17.2373 DEBUG Execute query to retrieve all tickets...
2018-11-27 20:45:58.3316 DEBUG Setting the display and display size...
2018-11-27 20:45:58.3880 DEBUG Starting the Program...
2018-11-27 20:46:01.7988 DEBUG Opening connection to database to print all tickets...
2018-11-27 20:46:03.3738 DEBUG Execute query to retrieve all tickets...
2018-11-27 20:48:05.1945 DEBUG Setting the display and display size...
2018-11-27 20:48:05.2673 DEBUG Starting the Program...
2018-11-27 20:48:08.2993 DEBUG Opening connection to database to print all tickets...
2018-11-27 20:48:11.3425 DEBUG Execute query to retrieve all tickets...
2018-11-27 20:48:26.1647 DEBUG Opening connection to database to print all tickets...
2018-11-27 20:48:26.1897 DEBUG Execute query to retrieve all tickets...
2018-11-27 20:48:45.6040 DEBUG Setting the display and display size...
2018-11-27 20:48:45.6709 DEBUG Starting the Program...
2018-11-27 20:48:49.1026 DEBUG Opening connection to database to print all tickets...
2018-11-27 20:48:52.0677 DEBUG Execute query to retrieve all tickets...
2018-11-27 20:49:52.8931 DEBUG Setting the display and display size...
2018-11-27 20:49:52.9560 DEBUG Starting the Program...
2018-11-27 20:49:56.3154 DEBUG Opening connection to database to print all tickets...
2018-11-27 20:49:59.6468 DEBUG Execute query to retrieve all tickets...
2018-11-27 20:51:02.0129 DEBUG Setting the display and display size...
2018-11-27 20:51:02.0797 DEBUG Starting the Program...
2018-11-27 20:51:07.2167 DEBUG Opening connection to database to print all tickets...
2018-11-27 20:51:10.0120 DEBUG Execute query to retrieve all tickets...
2018-11-27 20:51:24.4592 DEBUG Opening connection to database to print all tickets...
2018-11-27 20:51:24.4863 DEBUG Execute query to retrieve all tickets...
2018-11-27 20:54:22.6074 DEBUG Setting the display and display size...
2018-11-27 20:54:22.6692 DEBUG Starting the Program...
2018-11-27 20:54:25.9421 DEBUG Opening connection to database to print all tickets...
2018-11-27 20:54:28.9012 DEBUG Execute query to retrieve all tickets...
2018-11-27 20:54:50.8079 DEBUG Opening connection to database to print all tickets...
2018-11-27 20:54:50.8378 DEBUG Execute query to retrieve all tickets...
2018-11-27 20:55:42.7563 DEBUG Setting the display and display size...
2018-11-27 20:55:42.8266 DEBUG Starting the Program...
2018-11-27 20:55:49.1471 DEBUG Opening connection to database to print all tickets...
2018-11-27 20:55:51.9775 DEBUG Execute query to retrieve all tickets...
2018-11-27 21:00:48.7535 DEBUG Setting the display and display size...
2018-11-27 21:00:48.8373 DEBUG Starting the Program...
2018-11-27 21:00:58.0350 DEBUG Opening connection to database to print all tickets...
2018-11-27 21:01:00.9676 DEBUG Execute query to retrieve all tickets...
2018-11-27 21:01:13.3211 DEBUG Opening connection to database to print all tickets...
2018-11-27 21:01:13.3589 DEBUG Execute query to retrieve all tickets...
2018-11-27 21:02:43.0128 DEBUG Setting the display and display size...
2018-11-27 21:02:43.0787 DEBUG Starting the Program...
2018-11-27 21:02:51.4545 DEBUG Opening connection to database to search...
2018-11-27 21:02:51.9261 DEBUG Executing search query...
2018-11-27 21:03:42.1170 DEBUG Setting the display and display size...
2018-11-27 21:03:42.1668 DEBUG Starting the Program...
2018-11-27 21:03:48.0105 DEBUG Opening connection to database to search...
2018-11-27 21:03:48.9870 DEBUG Executing search query...
2018-11-27 21:04:03.6057 DEBUG Opening connection to database to search...
2018-11-27 21:04:03.6126 DEBUG Executing search query...
